[31m[Nest] 25940  - [39m17/05/2026, 06:32:25 [31m  ERROR[39m [38;5;3m[ExceptionsHandler] [39mTypeError: Cannot read properties of undefined (reading 'findAll')
    at ProductosController.findActivos [90m(E:\Github\san-jorge-informatica\backend\[39msrc\modules\productos\productos.controller.ts:33:34[90m)[39m
    at [90mE:\Github\san-jorge-informatica\backend\[39mnode_modules\[4m@nestjs\core[24m\router\router-execution-context.js:38:29
    at InterceptorsConsumer.intercept [90m(E:\Github\san-jorge-informatica\backend\[39mnode_modules\[4m@nestjs\core[24m\interceptors\interceptors-consumer.js:12:20[90m)[39m
    at [90mE:\Github\san-jorge-informatica\backend\[39mnode_modules\[4m@nestjs\core[24m\router\router-execution-context.js:46:60
    at [90mE:\Github\san-jorge-informatica\backend\[39mnode_modules\[4m@nestjs\core[24m\router\router-proxy.js:9:23
    at Layer.handleRequest [90m(E:\Github\san-jorge-informatica\backend\[39mnode_modules\[4mrouter[24m\lib\layer.js:152:17[90m)[39m
    at next [90m(E:\Github\san-jorge-informatica\backend\[39mnode_modules\[4mrouter[24m\lib\route.js:157:13[90m)[39m
    at Route.dispatch [90m(E:\Github\san-jorge-informatica\backend\[39mnode_modules\[4mrouter[24m\lib\route.js:117:3[90m)[39m
    at handle [90m(E:\Github\san-jorge-informatica\backend\[39mnode_modules\[4mrouter[24m\index.js:435:11[90m)[39m
    at Layer.handleRequest [90m(E:\Github\san-jorge-informatica\backend\[39mnode_modules\[4mrouter[24m\lib\layer.js:152:17[90m)[39m
[31m[Nest] 25940  - [39m17/05/2026, 06:32:25 [31m  ERROR[39m [38;5;3m[ExceptionsHandler] [39mTypeError: Cannot read properties of undefined (reading 'findAll')
    at ProductosController.findActivos [90m(E:\Github\san-jorge-informatica\backend\[39msrc\modules\productos\productos.controller.ts:33:34[90m)[39m
    at [90mE:\Github\san-jorge-informatica\backend\[39mnode_modules\[4m@nestjs\core[24m\router\router-execution-context.js:38:29
    at InterceptorsConsumer.intercept [90m(E:\Github\san-jorge-informatica\backend\[39mnode_modules\[4m@nestjs\core[24m\interceptors\interceptors-consumer.js:12:20[90m)[39m
    at [90mE:\Github\san-jorge-informatica\backend\[39mnode_modules\[4m@nestjs\core[24m\router\router-execution-context.js:46:60
    at [90mE:\Github\san-jorge-informatica\backend\[39mnode_modules\[4m@nestjs\core[24m\router\router-proxy.js:9:23
    at Layer.handleRequest [90m(E:\Github\san-jorge-informatica\backend\[39mnode_modules\[4mrouter[24m\lib\layer.js:152:17[90m)[39m
    at next [90m(E:\Github\san-jorge-informatica\backend\[39mnode_modules\[4mrouter[24m\lib\route.js:157:13[90m)[39m
    at Route.dispatch [90m(E:\Github\san-jorge-informatica\backend\[39mnode_modules\[4mrouter[24m\lib\route.js:117:3[90m)[39m
    at handle [90m(E:\Github\san-jorge-informatica\backend\[39mnode_modules\[4mrouter[24m\index.js:435:11[90m)[39m
    at Layer.handleRequest [90m(E:\Github\san-jorge-informatica\backend\[39mnode_modules\[4mrouter[24m\lib\layer.js:152:17[90m)[39m
[31m[Nest] 25940  - [39m17/05/2026, 06:32:30 [31m  ERROR[39m [38;5;3m[ExceptionsHandler] [39mTypeError: Cannot read properties of undefined (reading 'findAll')
    at CategoriasController.findAll [90m(E:\Github\san-jorge-informatica\backend\[39msrc\modules\categorias\categorias.controller.ts:17:35[90m)[39m
    at [90mE:\Github\san-jorge-informatica\backend\[39mnode_modules\[4m@nestjs\core[24m\router\router-execution-context.js:38:29
    at InterceptorsConsumer.intercept [90m(E:\Github\san-jorge-informatica\backend\[39mnode_modules\[4m@nestjs\core[24m\interceptors\interceptors-consumer.js:12:20[90m)[39m
    at [90mE:\Github\san-jorge-informatica\backend\[39mnode_modules\[4m@nestjs\core[24m\router\router-execution-context.js:46:60
    at [90mE:\Github\san-jorge-informatica\backend\[39mnode_modules\[4m@nestjs\core[24m\router\router-proxy.js:9:23
    at Layer.handleRequest [90m(E:\Github\san-jorge-informatica\backend\[39mnode_modules\[4mrouter[24m\lib\layer.js:152:17[90m)[39m
    at next [90m(E:\Github\san-jorge-informatica\backend\[39mnode_modules\[4mrouter[24m\lib\route.js:157:13[90m)[39m
    at Route.dispatch [90m(E:\Github\san-jorge-informatica\backend\[39mnode_modules\[4mrouter[24m\lib\route.js:117:3[90m)[39m
    at handle [90m(E:\Github\san-jorge-informatica\backend\[39mnode_modules\[4mrouter[24m\index.js:435:11[90m)[39m
    at Layer.handleRequest [90m(E:\Github\san-jorge-informatica\backend\[39mnode_modules\[4mrouter[24m\lib\layer.js:152:17[90m)[39m
[31m[Nest] 25940  - [39m17/05/2026, 06:32:30 [31m  ERROR[39m [38;5;3m[ExceptionsHandler] [39mTypeError: Cannot read properties of undefined (reading 'findAll')
    at ProductosController.findActivos [90m(E:\Github\san-jorge-informatica\backend\[39msrc\modules\productos\productos.controller.ts:33:34[90m)[39m
    at [90mE:\Github\san-jorge-informatica\backend\[39mnode_modules\[4m@nestjs\core[24m\router\router-execution-context.js:38:29
    at InterceptorsConsumer.intercept [90m(E:\Github\san-jorge-informatica\backend\[39mnode_modules\[4m@nestjs\core[24m\interceptors\interceptors-consumer.js:12:20[90m)[39m
    at [90mE:\Github\san-jorge-informatica\backend\[39mnode_modules\[4m@nestjs\core[24m\router\router-execution-context.js:46:60
    at [90mE:\Github\san-jorge-informatica\backend\[39mnode_modules\[4m@nestjs\core[24m\router\router-proxy.js:9:23
    at Layer.handleRequest [90m(E:\Github\san-jorge-informatica\backend\[39mnode_modules\[4mrouter[24m\lib\layer.js:152:17[90m)[39m
    at next [90m(E:\Github\san-jorge-informatica\backend\[39mnode_modules\[4mrouter[24m\lib\route.js:157:13[90m)[39m
    at Route.dispatch [90m(E:\Github\san-jorge-informatica\backend\[39mnode_modules\[4mrouter[24m\lib\route.js:117:3[90m)[39m
    at handle [90m(E:\Github\san-jorge-informatica\backend\[39mnode_modules\[4mrouter[24m\index.js:435:11[90m)[39m
    at Layer.handleRequest [90m(E:\Github\san-jorge-informatica\backend\[39mnode_modules\[4mrouter[24m\lib\layer.js:152:17[90m)[39m
[31m[Nest] 25940  - [39m17/05/2026, 06:32:30 [31m  ERROR[39m [38;5;3m[ExceptionsHandler] [39mTypeError: Cannot read properties of undefined (reading 'findAll')
    at CategoriasController.findAll [90m(E:\Github\san-jorge-informatica\backend\[39msrc\modules\categorias\categorias.controller.ts:17:35[90m)[39m
    at [90mE:\Github\san-jorge-informatica\backend\[39mnode_modules\[4m@nestjs\core[24m\router\router-execution-context.js:38:29
    at InterceptorsConsumer.intercept [90m(E:\Github\san-jorge-informatica\backend\[39mnode_modules\[4m@nestjs\core[24m\interceptors\interceptors-consumer.js:12:20[90m)[39m
    at [90mE:\Github\san-jorge-informatica\backend\[39mnode_modules\[4m@nestjs\core[24m\router\router-execution-context.js:46:60
    at [90mE:\Github\san-jorge-informatica\backend\[39mnode_modules\[4m@nestjs\core[24m\router\router-proxy.js:9:23
    at Layer.handleRequest [90m(E:\Github\san-jorge-informatica\backend\[39mnode_modules\[4mrouter[24m\lib\layer.js:152:17[90m)[39m
    at next [90m(E:\Github\san-jorge-informatica\backend\[39mnode_modules\[4mrouter[24m\lib\route.js:157:13[90m)[39m
    at Route.dispatch [90m(E:\Github\san-jorge-informatica\backend\[39mnode_modules\[4mrouter[24m\lib\route.js:117:3[90m)[39m
    at handle [90m(E:\Github\san-jorge-informatica\backend\[39mnode_modules\[4mrouter[24m\index.js:435:11[90m)[39m
    at Layer.handleRequest [90m(E:\Github\san-jorge-informatica\backend\[39mnode_modules\[4mrouter[24m\lib\layer.js:152:17[90m)[39m
[31m[Nest] 25940  - [39m17/05/2026, 06:32:30 [31m  ERROR[39m [38;5;3m[ExceptionsHandler] [39mTypeError: Cannot read properties of undefined (reading 'findAll')
    at ProductosController.findActivos [90m(E:\Github\san-jorge-informatica\backend\[39msrc\modules\productos\productos.controller.ts:33:34[90m)[39m
    at [90mE:\Github\san-jorge-informatica\backend\[39mnode_modules\[4m@nestjs\core[24m\router\router-execution-context.js:38:29
    at InterceptorsConsumer.intercept [90m(E:\Github\san-jorge-informatica\backend\[39mnode_modules\[4m@nestjs\core[24m\interceptors\interceptors-consumer.js:12:20[90m)[39m
    at [90mE:\Github\san-jorge-informatica\backend\[39mnode_modules\[4m@nestjs\core[24m\router\router-execution-context.js:46:60
    at [90mE:\Github\san-jorge-informatica\backend\[39mnode_modules\[4m@nestjs\core[24m\router\router-proxy.js:9:23
    at Layer.handleRequest [90m(E:\Github\san-jorge-informatica\backend\[39mnode_modules\[4mrouter[24m\lib\layer.js:152:17[90m)[39m
    at next [90m(E:\Github\san-jorge-informatica\backend\[39mnode_modules\[4mrouter[24m\lib\route.js:157:13[90m)[39m
    at Route.dispatch [90m(E:\Github\san-jorge-informatica\backend\[39mnode_modules\[4mrouter[24m\lib\route.js:117:3[90m)[39m
    at handle [90m(E:\Github\san-jorge-informatica\backend\[39mnode_modules\[4mrouter[24m\index.js:435:11[90m)[39m
    at Layer.handleRequest [90m(E:\Github\san-jorge-informatica\backend\[39mnode_modules\[4mrouter[24m\lib\layer.js:152:17[90m)[39m
[31m[Nest] 25940  - [39m17/05/2026, 06:32:30 [31m  ERROR[39m [38;5;3m[ExceptionsHandler] [39mTypeError: Cannot read properties of undefined (reading 'findAll')
    at ProductosController.findActivos [90m(E:\Github\san-jorge-informatica\backend\[39msrc\modules\productos\productos.controller.ts:33:34[90m)[39m
    at [90mE:\Github\san-jorge-informatica\backend\[39mnode_modules\[4m@nestjs\core[24m\router\router-execution-context.js:38:29
    at InterceptorsConsumer.intercept [90m(E:\Github\san-jorge-informatica\backend\[39mnode_modules\[4m@nestjs\core[24m\interceptors\interceptors-consumer.js:12:20[90m)[39m
    at [90mE:\Github\san-jorge-informatica\backend\[39mnode_modules\[4m@nestjs\core[24m\router\router-execution-context.js:46:60
    at [90mE:\Github\san-jorge-informatica\backend\[39mnode_modules\[4m@nestjs\core[24m\router\router-proxy.js:9:23
    at Layer.handleRequest [90m(E:\Github\san-jorge-informatica\backend\[39mnode_modules\[4mrouter[24m\lib\layer.js:152:17[90m)[39m
    at next [90m(E:\Github\san-jorge-informatica\backend\[39mnode_modules\[4mrouter[24m\lib\route.js:157:13[90m)[39m
    at Route.dispatch [90m(E:\Github\san-jorge-informatica\backend\[39mnode_modules\[4mrouter[24m\lib\route.js:117:3[90m)[39m
    at handle [90m(E:\Github\san-jorge-informatica\backend\[39mnode_modules\[4mrouter[24m\index.js:435:11[90m)[39m
    at Layer.handleRequest [90m(E:\Github\san-jorge-informatica\backend\[39mnode_modules\[4mrouter[24m\lib\layer.js:152:17[90m)[39m
[31m[Nest] 25940  - [39m17/05/2026, 06:32:30 [31m  ERROR[39m [38;5;3m[ExceptionsHandler] [39mTypeError: Cannot read properties of undefined (reading 'findAll')
    at ProductosController.findActivos [90m(E:\Github\san-jorge-informatica\backend\[39msrc\modules\productos\productos.controller.ts:33:34[90m)[39m
    at [90mE:\Github\san-jorge-informatica\backend\[39mnode_modules\[4m@nestjs\core[24m\router\router-execution-context.js:38:29
    at InterceptorsConsumer.intercept [90m(E:\Github\san-jorge-informatica\backend\[39mnode_modules\[4m@nestjs\core[24m\interceptors\interceptors-consumer.js:12:20[90m)[39m
    at [90mE:\Github\san-jorge-informatica\backend\[39mnode_modules\[4m@nestjs\core[24m\router\router-execution-context.js:46:60
    at [90mE:\Github\san-jorge-informatica\backend\[39mnode_modules\[4m@nestjs\core[24m\router\router-proxy.js:9:23
    at Layer.handleRequest [90m(E:\Github\san-jorge-informatica\backend\[39mnode_modules\[4mrouter[24m\lib\layer.js:152:17[90m)[39m
    at next [90m(E:\Github\san-jorge-informatica\backend\[39mnode_modules\[4mrouter[24m\lib\route.js:157:13[90m)[39m
    at Route.dispatch [90m(E:\Github\san-jorge-informatica\backend\[39mnode_modules\[4mrouter[24m\lib\route.js:117:3[90m)[39m
    at handle [90m(E:\Github\san-jorge-informatica\backend\[39mnode_modules\[4mrouter[24m\index.js:435:11[90m)[39m
    at Layer.handleRequest [90m(E:\Github\san-jorge-informatica\backend\[39mnode_modules\[4mrouter[24m\lib\layer.js:152:17[90m)[39m
